# JRE version: OpenJDK Runtime Environment (8.0_152-b01) (build 1.8.0_152-release-1343-b01)
# Java VM: OpenJDK 64-Bit Server VM (25.152-b01 mixed mode windows-amd64 compressed oops)
Heap:
 PSYoungGen      total 186880K, used 106700K [0x00000000e0000000, 0x00000000efa80000, 0x0000000100000000)
  eden space 171008K, 53% used [0x00000000e0000000,0x00000000e5975350,0x00000000ea700000)
  from space 15872K, 95% used [0x00000000ea700000,0x00000000eb5bdd30,0x00000000eb680000)
  to   space 17408K, 0% used [0x00000000ee980000,0x00000000ee980000,0x00000000efa80000)
 ParOldGen       total 121344K, used 29646K [0x00000000a0000000, 0x00000000a7680000, 0x00000000e0000000)
  object space 121344K, 24% used [0x00000000a0000000,0x00000000a1cf3b10,0x00000000a7680000)
 Metaspace       used 67735K, capacity 70178K, committed 70272K, reserved 1110016K
  class space    used 9014K, capacity 9590K, committed 9600K, reserved 1048576K
GC Heap History (10 events):
Event: 8.366 GC heap before
{Heap before GC invocations=12 (full 2):
 PSYoungGen      total 117760K, used 106496K [0x00000000e0000000, 0x00000000ea600000, 0x0000000100000000)
  eden space 106496K, 100% used [0x00000000e0000000,0x00000000e6800000,0x00000000e6800000)
  from space 11264K, 0% used [0x00000000e6800000,0x00000000e6800000,0x00000000e7300000)
  to   space 12800K, 0% used [0x00000000e9980000,0x00000000e9980000,0x00000000ea600000)
 ParOldGen       total 90624K, used 18801K [0x00000000a0000000, 0x00000000a5880000, 0x00000000e0000000)
  object space 90624K, 20% used [0x00000000a0000000,0x00000000a125c518,0x00000000a5880000)
 Metaspace       used 46548K, capacity 47726K, committed 48000K, reserved 1091584K
  class space    used 6148K, capacity 6416K, committed 6528K, reserved 1048576K
Event: 8.380 GC heap after
Heap after GC invocations=12 (full 2):
 PSYoungGen      total 148480K, used 12796K [0x00000000e0000000, 0x00000000ea600000, 0x0000000100000000)
  eden space 135680K, 0% used [0x00000000e0000000,0x00000000e0000000,0x00000000e8480000)
  from space 12800K, 99% used [0x00000000e9980000,0x00000000ea5ff300,0x00000000ea600000)
  to   space 15360K, 0% used [0x00000000e8800000,0x00000000e8800000,0x00000000e9700000)
 ParOldGen       total 90624K, used 21365K [0x00000000a0000000, 0x00000000a5880000, 0x00000000e0000000)
  object space 90624K, 23% used [0x00000000a0000000,0x00000000a14dd4d0,0x00000000a5880000)
 Metaspace       used 46548K, capacity 47726K, committed 48000K, reserved 1091584K
  class space    used 6148K, capacity 6416K, committed 6528K, reserved 1048576K
}
Event: 10.196 GC heap before
{Heap before GC invocations=13 (full 2):
 PSYoungGen      total 148480K, used 148476K [0x00000000e0000000, 0x00000000ea600000, 0x0000000100000000)
  eden space 135680K, 100% used [0x00000000e0000000,0x00000000e8480000,0x00000000e8480000)
  from space 12800K, 99% used [0x00000000e9980000,0x00000000ea5ff300,0x00000000ea600000)
  to   space 15360K, 0% used [0x00000000e8800000,0x00000000e8800000,0x00000000e9700000)
 ParOldGen       total 90624K, used 21365K [0x00000000a0000000, 0x00000000a5880000, 0x00000000e0000000)
  object space 90624K, 23% used [0x00000000a0000000,0x00000000a14dd4d0,0x00000000a5880000)
 Metaspace       used 56761K, capacity 58414K, committed 58624K, reserved 1099776K
  class space    used 7483K, capacity 7902K, committed 7936K, reserved 1048576K
Event: 10.217 GC heap after
Heap after GC invocations=13 (full 2):
 PSYoungGen      total 154624K, used 12788K [0x00000000e0000000, 0x00000000ec600000, 0x0000000100000000)
  eden space 139264K, 0% used [0x00000000e0000000,0x00000000e0000000,0x00000000e8800000)
  from space 15360K, 83% used [0x00000000e8800000,0x00000000e947d0e8,0x00000000e9700000)
  to   space 15872K, 0% used [0x00000000eb680000,0x00000000eb680000,0x00000000ec600000)
 ParOldGen       total 90624K, used 27825K [0x00000000a0000000, 0x00000000a5880000, 0x00000000e0000000)
  object space 90624K, 30% used [0x00000000a0000000,0x00000000a1b2c658,0x00000000a5880000)
 Metaspace       used 56761K, capacity 58414K, committed 58624K, reserved 1099776K
  class space    used 7483K, capacity 7902K, committed 7936K, reserved 1048576K
}
Event: 10.280 GC heap before
{Heap before GC invocations=14 (full 2):
 PSYoungGen      total 154624K, used 23425K [0x00000000e0000000, 0x00000000ec600000, 0x0000000100000000)
  eden space 139264K, 7% used [0x00000000e0000000,0x00000000e0a63658,0x00000000e8800000)
  from space 15360K, 83% used [0x00000000e8800000,0x00000000e947d0e8,0x00000000e9700000)
  to   space 15872K, 0% used [0x00000000eb680000,0x00000000eb680000,0x00000000ec600000)
 ParOldGen       total 90624K, used 27825K [0x00000000a0000000, 0x00000000a5880000, 0x00000000e0000000)
  object space 90624K, 30% used [0x00000000a0000000,0x00000000a1b2c658,0x00000000a5880000)
 Metaspace       used 57375K, capacity 58990K, committed 59096K, reserved 1099776K
  class space    used 7574K, capacity 7966K, committed 8064K, reserved 1048576K
Event: 10.288 GC heap after
Heap after GC invocations=14 (full 2):
 PSYoungGen      total 186880K, used 6867K [0x00000000e0000000, 0x00000000edd80000, 0x0000000100000000)
  eden space 171008K, 0% used [0x00000000e0000000,0x00000000e0000000,0x00000000ea700000)
  from space 15872K, 43% used [0x00000000eb680000,0x00000000ebd34e48,0x00000000ec600000)
  to   space 15872K, 0% used [0x00000000ea700000,0x00000000ea700000,0x00000000eb680000)
 ParOldGen       total 90624K, used 27833K [0x00000000a0000000, 0x00000000a5880000, 0x00000000e0000000)
  object space 90624K, 30% used [0x00000000a0000000,0x00000000a1b2e658,0x00000000a5880000)
 Metaspace       used 57375K, capacity 58990K, committed 59096K, reserved 1099776K
  class space    used 7574K, capacity 7966K, committed 8064K, reserved 1048576K
}
Event: 10.288 GC heap before
{Heap before GC invocations=15 (full 3):
 PSYoungGen      total 186880K, used 6867K [0x00000000e0000000, 0x00000000edd80000, 0x0000000100000000)
  eden space 171008K, 0% used [0x00000000e0000000,0x00000000e0000000,0x00000000ea700000)
  from space 15872K, 43% used [0x00000000eb680000,0x00000000ebd34e48,0x00000000ec600000)
  to   space 15872K, 0% used [0x00000000ea700000,0x00000000ea700000,0x00000000eb680000)
 ParOldGen       total 90624K, used 27833K [0x00000000a0000000, 0x00000000a5880000, 0x00000000e0000000)
  object space 90624K, 30% used [0x00000000a0000000,0x00000000a1b2e658,0x00000000a5880000)
 Metaspace       used 57375K, capacity 58990K, committed 59096K, reserved 1099776K
  class space    used 7574K, capacity 7966K, committed 8064K, reserved 1048576K
Event: 10.515 GC heap after
Heap after GC invocations=15 (full 3):
 PSYoungGen      total 186880K, used 0K [0x00000000e0000000, 0x00000000edd80000, 0x0000000100000000)
  eden space 171008K, 0% used [0x00000000e0000000,0x00000000e0000000,0x00000000ea700000)
  from space 15872K, 0% used [0x00000000eb680000,0x00000000eb680000,0x00000000ec600000)
  to   space 15872K, 0% used [0x00000000ea700000,0x00000000ea700000,0x00000000eb680000)
 ParOldGen       total 121344K, used 29638K [0x00000000a0000000, 0x00000000a7680000, 0x00000000e0000000)
  object space 121344K, 24% used [0x00000000a0000000,0x00000000a1cf1b10,0x00000000a7680000)
 Metaspace       used 57338K, capacity 58870K, committed 59096K, reserved 1099776K
  class space    used 7564K, capacity 7926K, committed 8064K, reserved 1048576K
}
Event: 13.834 GC heap before
{Heap before GC invocations=16 (full 3):
 PSYoungGen      total 186880K, used 171008K [0x00000000e0000000, 0x00000000edd80000, 0x0000000100000000)
  eden space 171008K, 100% used [0x00000000e0000000,0x00000000ea700000,0x00000000ea700000)
  from space 15872K, 0% used [0x00000000eb680000,0x00000000eb680000,0x00000000ec600000)
  to   space 15872K, 0% used [0x00000000ea700000,0x00000000ea700000,0x00000000eb680000)
 ParOldGen       total 121344K, used 29638K [0x00000000a0000000, 0x00000000a7680000, 0x00000000e0000000)
  object space 121344K, 24% used [0x00000000a0000000,0x00000000a1cf1b10,0x00000000a7680000)
 Metaspace       used 65293K, capacity 67408K, committed 67712K, reserved 1107968K
  class space    used 8753K, capacity 9255K, committed 9344K, reserved 1048576K
Event: 13.855 GC heap after
Heap after GC invocations=16 (full 3):
 PSYoungGen      total 186880K, used 15095K [0x00000000e0000000, 0x00000000efa80000, 0x0000000100000000)
  eden space 171008K, 0% used [0x00000000e0000000,0x00000000e0000000,0x00000000ea700000)
  from space 15872K, 95% used [0x00000000ea700000,0x00000000eb5bdd30,0x00000000eb680000)
  to   space 17408K, 0% used [0x00000000ee980000,0x00000000ee980000,0x00000000efa80000)
 ParOldGen       total 121344K, used 29646K [0x00000000a0000000, 0x00000000a7680000, 0x00000000e0000000)
  object space 121344K, 24% used [0x00000000a0000000,0x00000000a1cf3b10,0x00000000a7680000)
 Metaspace       used 65293K, capacity 67408K, committed 67712K, reserved 1107968K
  class space    used 8753K, capacity 9255K, committed 9344K, reserved 1048576K
}

