# JRE version: OpenJDK Runtime Environment (8.0_242-b01) (build 1.8.0_242-release-1644-b01)
# Java VM: OpenJDK 64-Bit Server VM (25.242-b01 mixed mode windows-amd64 compressed oops)
Heap:
 PSYoungGen      total 349696K, used 115042K [0x00000000e0000000, 0x0000000100000000, 0x0000000100000000)
  eden space 175104K, 65% used [0x00000000e0000000,0x00000000e7058900,0x00000000eab00000)
  from space 174592K, 0% used [0x00000000f5580000,0x00000000f5580000,0x0000000100000000)
  to   space 174592K, 0% used [0x00000000eab00000,0x00000000eab00000,0x00000000f5580000)
 ParOldGen       total 364032K, used 110404K [0x00000000a0000000, 0x00000000b6380000, 0x00000000e0000000)
  object space 364032K, 30% used [0x00000000a0000000,0x00000000a6bd1140,0x00000000b6380000)
 Metaspace       used 186548K, capacity 193350K, committed 193560K, reserved 1218560K
  class space    used 23142K, capacity 24571K, committed 24624K, reserved 1048576K
GC Heap History (10 events):
Event: 987.082 GC heap before
{Heap before GC invocations=55 (full 6):
 PSYoungGen      total 349696K, used 235799K [0x00000000e0000000, 0x0000000100000000, 0x0000000100000000)
  eden space 175104K, 100% used [0x00000000e0000000,0x00000000eab00000,0x00000000eab00000)
  from space 174592K, 34% used [0x00000000f5580000,0x00000000f90c5ce0,0x0000000100000000)
  to   space 174592K, 0% used [0x00000000eab00000,0x00000000eab00000,0x00000000f5580000)
 ParOldGen       total 325632K, used 210436K [0x00000000a0000000, 0x00000000b3e00000, 0x00000000e0000000)
  object space 325632K, 64% used [0x00000000a0000000,0x00000000acd81370,0x00000000b3e00000)
 Metaspace       used 179083K, capacity 185050K, committed 185240K, reserved 1210368K
  class space    used 22289K, capacity 23597K, committed 23728K, reserved 1048576K
Event: 987.177 GC heap after
Heap after GC invocations=55 (full 6):
 PSYoungGen      total 349696K, used 69187K [0x00000000e0000000, 0x0000000100000000, 0x0000000100000000)
  eden space 175104K, 0% used [0x00000000e0000000,0x00000000e0000000,0x00000000eab00000)
  from space 174592K, 39% used [0x00000000eab00000,0x00000000eee90c68,0x00000000f5580000)
  to   space 174592K, 0% used [0x00000000f5580000,0x00000000f5580000,0x0000000100000000)
 ParOldGen       total 325632K, used 210436K [0x00000000a0000000, 0x00000000b3e00000, 0x00000000e0000000)
  object space 325632K, 64% used [0x00000000a0000000,0x00000000acd81370,0x00000000b3e00000)
 Metaspace       used 179083K, capacity 185050K, committed 185240K, reserved 1210368K
  class space    used 22289K, capacity 23597K, committed 23728K, reserved 1048576K
}
Event: 1062.100 GC heap before
{Heap before GC invocations=56 (full 6):
 PSYoungGen      total 349696K, used 244291K [0x00000000e0000000, 0x0000000100000000, 0x0000000100000000)
  eden space 175104K, 100% used [0x00000000e0000000,0x00000000eab00000,0x00000000eab00000)
  from space 174592K, 39% used [0x00000000eab00000,0x00000000eee90c68,0x00000000f5580000)
  to   space 174592K, 0% used [0x00000000f5580000,0x00000000f5580000,0x0000000100000000)
 ParOldGen       total 325632K, used 210436K [0x00000000a0000000, 0x00000000b3e00000, 0x00000000e0000000)
  object space 325632K, 64% used [0x00000000a0000000,0x00000000acd81370,0x00000000b3e00000)
 Metaspace       used 179437K, capacity 185790K, committed 186008K, reserved 1212416K
  class space    used 22346K, capacity 23699K, committed 23728K, reserved 1048576K
Event: 1062.244 GC heap after
Heap after GC invocations=56 (full 6):
 PSYoungGen      total 349696K, used 13120K [0x00000000e0000000, 0x0000000100000000, 0x0000000100000000)
  eden space 175104K, 0% used [0x00000000e0000000,0x00000000e0000000,0x00000000eab00000)
  from space 174592K, 7% used [0x00000000f5580000,0x00000000f62501d0,0x0000000100000000)
  to   space 174592K, 0% used [0x00000000eab00000,0x00000000eab00000,0x00000000f5580000)
 ParOldGen       total 325632K, used 264117K [0x00000000a0000000, 0x00000000b3e00000, 0x00000000e0000000)
  object space 325632K, 81% used [0x00000000a0000000,0x00000000b01ed628,0x00000000b3e00000)
 Metaspace       used 179437K, capacity 185790K, committed 186008K, reserved 1212416K
  class space    used 22346K, capacity 23699K, committed 23728K, reserved 1048576K
}
Event: 1063.210 GC heap before
{Heap before GC invocations=57 (full 6):
 PSYoungGen      total 349696K, used 188224K [0x00000000e0000000, 0x0000000100000000, 0x0000000100000000)
  eden space 175104K, 100% used [0x00000000e0000000,0x00000000eab00000,0x00000000eab00000)
  from space 174592K, 7% used [0x00000000f5580000,0x00000000f62501d0,0x0000000100000000)
  to   space 174592K, 0% used [0x00000000eab00000,0x00000000eab00000,0x00000000f5580000)
 ParOldGen       total 325632K, used 264117K [0x00000000a0000000, 0x00000000b3e00000, 0x00000000e0000000)
  object space 325632K, 81% used [0x00000000a0000000,0x00000000b01ed628,0x00000000b3e00000)
 Metaspace       used 179544K, capacity 185976K, committed 186136K, reserved 1212416K
  class space    used 22362K, capacity 23730K, committed 23856K, reserved 1048576K
Event: 1063.231 GC heap after
Heap after GC invocations=57 (full 6):
 PSYoungGen      total 349696K, used 12232K [0x00000000e0000000, 0x0000000100000000, 0x0000000100000000)
  eden space 175104K, 0% used [0x00000000e0000000,0x00000000e0000000,0x00000000eab00000)
  from space 174592K, 7% used [0x00000000eab00000,0x00000000eb6f21f0,0x00000000f5580000)
  to   space 174592K, 0% used [0x00000000f5580000,0x00000000f5580000,0x0000000100000000)
 ParOldGen       total 325632K, used 264794K [0x00000000a0000000, 0x00000000b3e00000, 0x00000000e0000000)
  object space 325632K, 81% used [0x00000000a0000000,0x00000000b02969a8,0x00000000b3e00000)
 Metaspace       used 179544K, capacity 185976K, committed 186136K, reserved 1212416K
  class space    used 22362K, capacity 23730K, committed 23856K, reserved 1048576K
}
Event: 1069.019 GC heap before
{Heap before GC invocations=58 (full 6):
 PSYoungGen      total 349696K, used 187280K [0x00000000e0000000, 0x0000000100000000, 0x0000000100000000)
  eden space 175104K, 99% used [0x00000000e0000000,0x00000000eaaf1ed0,0x00000000eab00000)
  from space 174592K, 7% used [0x00000000eab00000,0x00000000eb6f21f0,0x00000000f5580000)
  to   space 174592K, 0% used [0x00000000f5580000,0x00000000f5580000,0x0000000100000000)
 ParOldGen       total 325632K, used 264794K [0x00000000a0000000, 0x00000000b3e00000, 0x00000000e0000000)
  object space 325632K, 81% used [0x00000000a0000000,0x00000000b02969a8,0x00000000b3e00000)
 Metaspace       used 179956K, capacity 186694K, committed 186904K, reserved 1212416K
  class space    used 22420K, capacity 23829K, committed 23856K, reserved 1048576K
Event: 1069.054 GC heap after
Heap after GC invocations=58 (full 6):
 PSYoungGen      total 349696K, used 7744K [0x00000000e0000000, 0x0000000100000000, 0x0000000100000000)
  eden space 175104K, 0% used [0x00000000e0000000,0x00000000e0000000,0x00000000eab00000)
  from space 174592K, 4% used [0x00000000f5580000,0x00000000f5d10210,0x0000000100000000)
  to   space 174592K, 0% used [0x00000000eab00000,0x00000000eab00000,0x00000000f5580000)
 ParOldGen       total 325632K, used 276406K [0x00000000a0000000, 0x00000000b3e00000, 0x00000000e0000000)
  object space 325632K, 84% used [0x00000000a0000000,0x00000000b0ded818,0x00000000b3e00000)
 Metaspace       used 179956K, capacity 186694K, committed 186904K, reserved 1212416K
  class space    used 22420K, capacity 23829K, committed 23856K, reserved 1048576K
}
Event: 1069.054 GC heap before
{Heap before GC invocations=59 (full 7):
 PSYoungGen      total 349696K, used 7744K [0x00000000e0000000, 0x0000000100000000, 0x0000000100000000)
  eden space 175104K, 0% used [0x00000000e0000000,0x00000000e0000000,0x00000000eab00000)
  from space 174592K, 4% used [0x00000000f5580000,0x00000000f5d10210,0x0000000100000000)
  to   space 174592K, 0% used [0x00000000eab00000,0x00000000eab00000,0x00000000f5580000)
 ParOldGen       total 325632K, used 276406K [0x00000000a0000000, 0x00000000b3e00000, 0x00000000e0000000)
  object space 325632K, 84% used [0x00000000a0000000,0x00000000b0ded818,0x00000000b3e00000)
 Metaspace       used 179956K, capacity 186694K, committed 186904K, reserved 1212416K
  class space    used 22420K, capacity 23829K, committed 23856K, reserved 1048576K
Event: 1069.501 GC heap after
Heap after GC invocations=59 (full 7):
 PSYoungGen      total 349696K, used 0K [0x00000000e0000000, 0x0000000100000000, 0x0000000100000000)
  eden space 175104K, 0% used [0x00000000e0000000,0x00000000e0000000,0x00000000eab00000)
  from space 174592K, 0% used [0x00000000f5580000,0x00000000f5580000,0x0000000100000000)
  to   space 174592K, 0% used [0x00000000eab00000,0x00000000eab00000,0x00000000f5580000)
 ParOldGen       total 364032K, used 110404K [0x00000000a0000000, 0x00000000b6380000, 0x00000000e0000000)
  object space 364032K, 30% used [0x00000000a0000000,0x00000000a6bd1140,0x00000000b6380000)
 Metaspace       used 179956K, capacity 186694K, committed 186904K, reserved 1212416K
  class space    used 22420K, capacity 23829K, committed 23856K, reserved 1048576K
}

