# JRE version: OpenJDK Runtime Environment (8.0_242-b01) (build 1.8.0_242-release-1644-b01)
# Java VM: OpenJDK 64-Bit Server VM (25.242-b01 mixed mode windows-amd64 compressed oops)
Heap:
 PSYoungGen      total 388096K, used 279252K [0x00000000e0000000, 0x0000000100000000, 0x0000000100000000)
  eden space 277504K, 73% used [0x00000000e0000000,0x00000000ec74e030,0x00000000f0f00000)
  from space 110592K, 67% used [0x00000000f9400000,0x00000000fdd67040,0x0000000100000000)
  to   space 123392K, 0% used [0x00000000f0f00000,0x00000000f0f00000,0x00000000f8780000)
 ParOldGen       total 399872K, used 181132K [0x00000000a0000000, 0x00000000b8680000, 0x00000000e0000000)
  object space 399872K, 45% used [0x00000000a0000000,0x00000000ab0e3090,0x00000000b8680000)
 Metaspace       used 112798K, capacity 116914K, committed 117208K, reserved 1150976K
  class space    used 14174K, capacity 15055K, committed 15104K, reserved 1048576K
GC Heap History (10 events):
Event: 49.688 GC heap before
{Heap before GC invocations=25 (full 4):
 PSYoungGen      total 330240K, used 291840K [0x00000000e0000000, 0x00000000f8d80000, 0x0000000100000000)
  eden space 291840K, 100% used [0x00000000e0000000,0x00000000f1d00000,0x00000000f1d00000)
  from space 38400K, 0% used [0x00000000f4e00000,0x00000000f4e00000,0x00000000f7380000)
  to   space 50176K, 0% used [0x00000000f1d00000,0x00000000f1d00000,0x00000000f4e00000)
 ParOldGen       total 260608K, used 98599K [0x00000000a0000000, 0x00000000afe80000, 0x00000000e0000000)
  object space 260608K, 37% used [0x00000000a0000000,0x00000000a6049f90,0x00000000afe80000)
 Metaspace       used 99974K, capacity 103226K, committed 103512K, reserved 1138688K
  class space    used 12632K, capacity 13375K, committed 13440K, reserved 1048576K
Event: 49.814 GC heap after
Heap after GC invocations=25 (full 4):
 PSYoungGen      total 342016K, used 50158K [0x00000000e0000000, 0x00000000fdd00000, 0x0000000100000000)
  eden space 291840K, 0% used [0x00000000e0000000,0x00000000e0000000,0x00000000f1d00000)
  from space 50176K, 99% used [0x00000000f1d00000,0x00000000f4dfb880,0x00000000f4e00000)
  to   space 74752K, 0% used [0x00000000f9400000,0x00000000f9400000,0x00000000fdd00000)
 ParOldGen       total 260608K, used 142210K [0x00000000a0000000, 0x00000000afe80000, 0x00000000e0000000)
  object space 260608K, 54% used [0x00000000a0000000,0x00000000a8ae08a0,0x00000000afe80000)
 Metaspace       used 99974K, capacity 103226K, committed 103512K, reserved 1138688K
  class space    used 12632K, capacity 13375K, committed 13440K, reserved 1048576K
}
Event: 55.886 GC heap before
{Heap before GC invocations=26 (full 4):
 PSYoungGen      total 342016K, used 341998K [0x00000000e0000000, 0x00000000fdd00000, 0x0000000100000000)
  eden space 291840K, 100% used [0x00000000e0000000,0x00000000f1d00000,0x00000000f1d00000)
  from space 50176K, 99% used [0x00000000f1d00000,0x00000000f4dfb880,0x00000000f4e00000)
  to   space 74752K, 0% used [0x00000000f9400000,0x00000000f9400000,0x00000000fdd00000)
 ParOldGen       total 260608K, used 142210K [0x00000000a0000000, 0x00000000afe80000, 0x00000000e0000000)
  object space 260608K, 54% used [0x00000000a0000000,0x00000000a8ae08a0,0x00000000afe80000)
 Metaspace       used 102445K, capacity 105840K, committed 106072K, reserved 1142784K
  class space    used 12857K, capacity 13642K, committed 13696K, reserved 1048576K
Event: 55.998 GC heap after
Heap after GC invocations=26 (full 4):
 PSYoungGen      total 409088K, used 53913K [0x00000000e0000000, 0x00000000fe600000, 0x0000000100000000)
  eden space 334336K, 0% used [0x00000000e0000000,0x00000000e0000000,0x00000000f4680000)
  from space 74752K, 72% used [0x00000000f9400000,0x00000000fc8a6410,0x00000000fdd00000)
  to   space 79360K, 0% used [0x00000000f4680000,0x00000000f4680000,0x00000000f9400000)
 ParOldGen       total 260608K, used 142218K [0x00000000a0000000, 0x00000000afe80000, 0x00000000e0000000)
  object space 260608K, 54% used [0x00000000a0000000,0x00000000a8ae28a0,0x00000000afe80000)
 Metaspace       used 102445K, capacity 105840K, committed 106072K, reserved 1142784K
  class space    used 12857K, capacity 13642K, committed 13696K, reserved 1048576K
}
Event: 59.394 GC heap before
{Heap before GC invocations=27 (full 4):
 PSYoungGen      total 409088K, used 388249K [0x00000000e0000000, 0x00000000fe600000, 0x0000000100000000)
  eden space 334336K, 100% used [0x00000000e0000000,0x00000000f4680000,0x00000000f4680000)
  from space 74752K, 72% used [0x00000000f9400000,0x00000000fc8a6410,0x00000000fdd00000)
  to   space 79360K, 0% used [0x00000000f4680000,0x00000000f4680000,0x00000000f9400000)
 ParOldGen       total 260608K, used 142218K [0x00000000a0000000, 0x00000000afe80000, 0x00000000e0000000)
  object space 260608K, 54% used [0x00000000a0000000,0x00000000a8ae28a0,0x00000000afe80000)
 Metaspace       used 111006K, capacity 115040K, committed 115160K, reserved 1148928K
  class space    used 14107K, capacity 15026K, committed 15104K, reserved 1048576K
Event: 60.129 GC heap after
Heap after GC invocations=27 (full 4):
 PSYoungGen      total 413696K, used 79336K [0x00000000e0000000, 0x0000000100000000, 0x0000000100000000)
  eden space 334336K, 0% used [0x00000000e0000000,0x00000000e0000000,0x00000000f4680000)
  from space 79360K, 99% used [0x00000000f4680000,0x00000000f93fa118,0x00000000f9400000)
  to   space 110592K, 0% used [0x00000000f9400000,0x00000000f9400000,0x0000000100000000)
 ParOldGen       total 260608K, used 212750K [0x00000000a0000000, 0x00000000afe80000, 0x00000000e0000000)
  object space 260608K, 81% used [0x00000000a0000000,0x00000000acfc3b30,0x00000000afe80000)
 Metaspace       used 111006K, capacity 115040K, committed 115160K, reserved 1148928K
  class space    used 14107K, capacity 15026K, committed 15104K, reserved 1048576K
}
Event: 60.130 GC heap before
{Heap before GC invocations=28 (full 5):
 PSYoungGen      total 413696K, used 79336K [0x00000000e0000000, 0x0000000100000000, 0x0000000100000000)
  eden space 334336K, 0% used [0x00000000e0000000,0x00000000e0000000,0x00000000f4680000)
  from space 79360K, 99% used [0x00000000f4680000,0x00000000f93fa118,0x00000000f9400000)
  to   space 110592K, 0% used [0x00000000f9400000,0x00000000f9400000,0x0000000100000000)
 ParOldGen       total 260608K, used 212750K [0x00000000a0000000, 0x00000000afe80000, 0x00000000e0000000)
  object space 260608K, 81% used [0x00000000a0000000,0x00000000acfc3b30,0x00000000afe80000)
 Metaspace       used 111006K, capacity 115040K, committed 115160K, reserved 1148928K
  class space    used 14107K, capacity 15026K, committed 15104K, reserved 1048576K
Event: 62.072 GC heap after
Heap after GC invocations=28 (full 5):
 PSYoungGen      total 413696K, used 0K [0x00000000e0000000, 0x0000000100000000, 0x0000000100000000)
  eden space 334336K, 0% used [0x00000000e0000000,0x00000000e0000000,0x00000000f4680000)
  from space 79360K, 0% used [0x00000000f4680000,0x00000000f4680000,0x00000000f9400000)
  to   space 110592K, 0% used [0x00000000f9400000,0x00000000f9400000,0x0000000100000000)
 ParOldGen       total 399872K, used 181124K [0x00000000a0000000, 0x00000000b8680000, 0x00000000e0000000)
  object space 399872K, 45% used [0x00000000a0000000,0x00000000ab0e1090,0x00000000b8680000)
 Metaspace       used 110924K, capacity 114850K, committed 115160K, reserved 1148928K
  class space    used 14077K, capacity 14971K, committed 15104K, reserved 1048576K
}
Event: 64.973 GC heap before
{Heap before GC invocations=29 (full 5):
 PSYoungGen      total 413696K, used 334336K [0x00000000e0000000, 0x0000000100000000, 0x0000000100000000)
  eden space 334336K, 100% used [0x00000000e0000000,0x00000000f4680000,0x00000000f4680000)
  from space 79360K, 0% used [0x00000000f4680000,0x00000000f4680000,0x00000000f9400000)
  to   space 110592K, 0% used [0x00000000f9400000,0x00000000f9400000,0x0000000100000000)
 ParOldGen       total 399872K, used 181124K [0x00000000a0000000, 0x00000000b8680000, 0x00000000e0000000)
  object space 399872K, 45% used [0x00000000a0000000,0x00000000ab0e1090,0x00000000b8680000)
 Metaspace       used 112492K, capacity 116510K, committed 116696K, reserved 1150976K
  class space    used 14142K, capacity 15033K, committed 15104K, reserved 1048576K
Event: 65.086 GC heap after
Heap after GC invocations=29 (full 5):
 PSYoungGen      total 388096K, used 75164K [0x00000000e0000000, 0x0000000100000000, 0x0000000100000000)
  eden space 277504K, 0% used [0x00000000e0000000,0x00000000e0000000,0x00000000f0f00000)
  from space 110592K, 67% used [0x00000000f9400000,0x00000000fdd67040,0x0000000100000000)
  to   space 123392K, 0% used [0x00000000f0f00000,0x00000000f0f00000,0x00000000f8780000)
 ParOldGen       total 399872K, used 181132K [0x00000000a0000000, 0x00000000b8680000, 0x00000000e0000000)
  object space 399872K, 45% used [0x00000000a0000000,0x00000000ab0e3090,0x00000000b8680000)
 Metaspace       used 112492K, capacity 116510K, committed 116696K, reserved 1150976K
  class space    used 14142K, capacity 15033K, committed 15104K, reserved 1048576K
}

