# JRE version: OpenJDK Runtime Environment (8.0_242-b01) (build 1.8.0_242-release-1644-b01)
# Java VM: OpenJDK 64-Bit Server VM (25.242-b01 mixed mode windows-amd64 compressed oops)
Heap:
 PSYoungGen      total 278528K, used 116735K [0x00000000e0000000, 0x00000000f7c80000, 0x0000000100000000)
  eden space 242176K, 48% used [0x00000000e0000000,0x00000000e71ffe78,0x00000000eec80000)
  from space 36352K, 0% used [0x00000000eec80000,0x00000000eec80000,0x00000000f1000000)
  to   space 51200K, 0% used [0x00000000f4a80000,0x00000000f4a80000,0x00000000f7c80000)
 ParOldGen       total 273408K, used 125234K [0x00000000a0000000, 0x00000000b0b00000, 0x00000000e0000000)
  object space 273408K, 45% used [0x00000000a0000000,0x00000000a7a4c970,0x00000000b0b00000)
 Metaspace       used 78375K, capacity 81386K, committed 81832K, reserved 1120256K
  class space    used 10114K, capacity 10799K, committed 10928K, reserved 1048576K
GC Heap History (10 events):
Event: 37.408 GC heap before
{Heap before GC invocations=17 (full 3):
 PSYoungGen      total 203776K, used 203751K [0x00000000e0000000, 0x00000000efd80000, 0x0000000100000000)
  eden space 184320K, 100% used [0x00000000e0000000,0x00000000eb400000,0x00000000eb400000)
  from space 19456K, 99% used [0x00000000eb400000,0x00000000ec6f9ce0,0x00000000ec700000)
  to   space 22528K, 0% used [0x00000000ee780000,0x00000000ee780000,0x00000000efd80000)
 ParOldGen       total 136192K, used 36695K [0x00000000a0000000, 0x00000000a8500000, 0x00000000e0000000)
  object space 136192K, 26% used [0x00000000a0000000,0x00000000a23d5f00,0x00000000a8500000)
 Metaspace       used 67304K, capacity 70070K, committed 70312K, reserved 1110016K
  class space    used 9148K, capacity 9777K, committed 9904K, reserved 1048576K
Event: 37.566 GC heap after
Heap after GC invocations=17 (full 3):
 PSYoungGen      total 223232K, used 22515K [0x00000000e0000000, 0x00000000f2800000, 0x0000000100000000)
  eden space 200704K, 0% used [0x00000000e0000000,0x00000000e0000000,0x00000000ec400000)
  from space 22528K, 99% used [0x00000000ee780000,0x00000000efd7cc10,0x00000000efd80000)
  to   space 36352K, 0% used [0x00000000ec400000,0x00000000ec400000,0x00000000ee780000)
 ParOldGen       total 136192K, used 65787K [0x00000000a0000000, 0x00000000a8500000, 0x00000000e0000000)
  object space 136192K, 48% used [0x00000000a0000000,0x00000000a403ee58,0x00000000a8500000)
 Metaspace       used 67304K, capacity 70070K, committed 70312K, reserved 1110016K
  class space    used 9148K, capacity 9777K, committed 9904K, reserved 1048576K
}
Event: 70.392 GC heap before
{Heap before GC invocations=18 (full 3):
 PSYoungGen      total 223232K, used 223219K [0x00000000e0000000, 0x00000000f2800000, 0x0000000100000000)
  eden space 200704K, 100% used [0x00000000e0000000,0x00000000ec400000,0x00000000ec400000)
  from space 22528K, 99% used [0x00000000ee780000,0x00000000efd7cc10,0x00000000efd80000)
  to   space 36352K, 0% used [0x00000000ec400000,0x00000000ec400000,0x00000000ee780000)
 ParOldGen       total 136192K, used 65787K [0x00000000a0000000, 0x00000000a8500000, 0x00000000e0000000)
  object space 136192K, 48% used [0x00000000a0000000,0x00000000a403ee58,0x00000000a8500000)
 Metaspace       used 72105K, capacity 75206K, committed 75304K, reserved 1114112K
  class space    used 9597K, capacity 10257K, committed 10288K, reserved 1048576K
Event: 70.473 GC heap after
Heap after GC invocations=18 (full 3):
 PSYoungGen      total 237056K, used 9448K [0x00000000e0000000, 0x00000000f3380000, 0x0000000100000000)
  eden space 200704K, 0% used [0x00000000e0000000,0x00000000e0000000,0x00000000ec400000)
  from space 36352K, 25% used [0x00000000ec400000,0x00000000ecd3a370,0x00000000ee780000)
  to   space 35328K, 0% used [0x00000000f1100000,0x00000000f1100000,0x00000000f3380000)
 ParOldGen       total 136192K, used 83277K [0x00000000a0000000, 0x00000000a8500000, 0x00000000e0000000)
  object space 136192K, 61% used [0x00000000a0000000,0x00000000a5153590,0x00000000a8500000)
 Metaspace       used 72105K, capacity 75206K, committed 75304K, reserved 1114112K
  class space    used 9597K, capacity 10257K, committed 10288K, reserved 1048576K
}
Event: 74.058 GC heap before
{Heap before GC invocations=19 (full 3):
 PSYoungGen      total 237056K, used 210152K [0x00000000e0000000, 0x00000000f3380000, 0x0000000100000000)
  eden space 200704K, 100% used [0x00000000e0000000,0x00000000ec400000,0x00000000ec400000)
  from space 36352K, 25% used [0x00000000ec400000,0x00000000ecd3a370,0x00000000ee780000)
  to   space 35328K, 0% used [0x00000000f1100000,0x00000000f1100000,0x00000000f3380000)
 ParOldGen       total 136192K, used 83277K [0x00000000a0000000, 0x00000000a8500000, 0x00000000e0000000)
  object space 136192K, 61% used [0x00000000a0000000,0x00000000a5153590,0x00000000a8500000)
 Metaspace       used 72800K, capacity 75910K, committed 76200K, reserved 1116160K
  class space    used 9616K, capacity 10301K, committed 10416K, reserved 1048576K
Event: 74.102 GC heap after
Heap after GC invocations=19 (full 3):
 PSYoungGen      total 277504K, used 22626K [0x00000000e0000000, 0x00000000f3380000, 0x0000000100000000)
  eden space 242176K, 0% used [0x00000000e0000000,0x00000000e0000000,0x00000000eec80000)
  from space 35328K, 64% used [0x00000000f1100000,0x00000000f2718858,0x00000000f3380000)
  to   space 36352K, 0% used [0x00000000eec80000,0x00000000eec80000,0x00000000f1000000)
 ParOldGen       total 136192K, used 83285K [0x00000000a0000000, 0x00000000a8500000, 0x00000000e0000000)
  object space 136192K, 61% used [0x00000000a0000000,0x00000000a5155590,0x00000000a8500000)
 Metaspace       used 72800K, capacity 75910K, committed 76200K, reserved 1116160K
  class space    used 9616K, capacity 10301K, committed 10416K, reserved 1048576K
}
Event: 78.078 GC heap before
{Heap before GC invocations=20 (full 3):
 PSYoungGen      total 277504K, used 264802K [0x00000000e0000000, 0x00000000f3380000, 0x0000000100000000)
  eden space 242176K, 100% used [0x00000000e0000000,0x00000000eec80000,0x00000000eec80000)
  from space 35328K, 64% used [0x00000000f1100000,0x00000000f2718858,0x00000000f3380000)
  to   space 36352K, 0% used [0x00000000eec80000,0x00000000eec80000,0x00000000f1000000)
 ParOldGen       total 136192K, used 83285K [0x00000000a0000000, 0x00000000a8500000, 0x00000000e0000000)
  object space 136192K, 61% used [0x00000000a0000000,0x00000000a51555f8,0x00000000a8500000)
 Metaspace       used 75957K, capacity 79166K, committed 79272K, reserved 1118208K
  class space    used 9886K, capacity 10599K, committed 10672K, reserved 1048576K
Event: 78.316 GC heap after
Heap after GC invocations=20 (full 3):
 PSYoungGen      total 278528K, used 36326K [0x00000000e0000000, 0x00000000f7c80000, 0x0000000100000000)
  eden space 242176K, 0% used [0x00000000e0000000,0x00000000e0000000,0x00000000eec80000)
  from space 36352K, 99% used [0x00000000eec80000,0x00000000f0ff9b20,0x00000000f1000000)
  to   space 51200K, 0% used [0x00000000f4a80000,0x00000000f4a80000,0x00000000f7c80000)
 ParOldGen       total 136192K, used 108305K [0x00000000a0000000, 0x00000000a8500000, 0x00000000e0000000)
  object space 136192K, 79% used [0x00000000a0000000,0x00000000a69c4630,0x00000000a8500000)
 Metaspace       used 75957K, capacity 79166K, committed 79272K, reserved 1118208K
  class space    used 9886K, capacity 10599K, committed 10672K, reserved 1048576K
}
Event: 82.306 GC heap before
{Heap before GC invocations=21 (full 4):
 PSYoungGen      total 278528K, used 278502K [0x00000000e0000000, 0x00000000f7c80000, 0x0000000100000000)
  eden space 242176K, 100% used [0x00000000e0000000,0x00000000eec80000,0x00000000eec80000)
  from space 36352K, 99% used [0x00000000eec80000,0x00000000f0ff9b20,0x00000000f1000000)
  to   space 51200K, 0% used [0x00000000f4a80000,0x00000000f4a80000,0x00000000f7c80000)
 ParOldGen       total 136192K, used 115321K [0x00000000a0000000, 0x00000000a8500000, 0x00000000e0000000)
  object space 136192K, 84% used [0x00000000a0000000,0x00000000a709e5e0,0x00000000a8500000)
 Metaspace       used 78344K, capacity 81534K, committed 81832K, reserved 1120256K
  class space    used 10133K, capacity 10829K, committed 10928K, reserved 1048576K
Event: 84.318 GC heap after
Heap after GC invocations=21 (full 4):
 PSYoungGen      total 278528K, used 0K [0x00000000e0000000, 0x00000000f7c80000, 0x0000000100000000)
  eden space 242176K, 0% used [0x00000000e0000000,0x00000000e0000000,0x00000000eec80000)
  from space 36352K, 0% used [0x00000000eec80000,0x00000000eec80000,0x00000000f1000000)
  to   space 51200K, 0% used [0x00000000f4a80000,0x00000000f4a80000,0x00000000f7c80000)
 ParOldGen       total 273408K, used 125234K [0x00000000a0000000, 0x00000000b0b00000, 0x00000000e0000000)
  object space 273408K, 45% used [0x00000000a0000000,0x00000000a7a4c970,0x00000000b0b00000)
 Metaspace       used 78218K, capacity 81182K, committed 81832K, reserved 1120256K
  class space    used 10094K, capacity 10759K, committed 10928K, reserved 1048576K
}

