# JRE version: OpenJDK Runtime Environment (8.0_152-b01) (build 1.8.0_152-release-1343-b01)
# Java VM: OpenJDK 64-Bit Server VM (25.152-b01 mixed mode windows-amd64 compressed oops)
Heap:
 PSYoungGen      total 195584K, used 83933K [0x00000000e0000000, 0x00000000ee680000, 0x0000000100000000)
  eden space 179200K, 46% used [0x00000000e0000000,0x00000000e51f7678,0x00000000eaf00000)
  from space 16384K, 0% used [0x00000000ebf00000,0x00000000ebf00000,0x00000000ecf00000)
  to   space 16384K, 0% used [0x00000000eaf00000,0x00000000eaf00000,0x00000000ebf00000)
 ParOldGen       total 88576K, used 29407K [0x00000000a0000000, 0x00000000a5680000, 0x00000000e0000000)
  object space 88576K, 33% used [0x00000000a0000000,0x00000000a1cb7ec8,0x00000000a5680000)
 Metaspace       used 62649K, capacity 64634K, committed 64640K, reserved 1105920K
  class space    used 8397K, capacity 8826K, committed 8832K, reserved 1048576K
GC Heap History (10 events):
Event: 6.385 GC heap before
{Heap before GC invocations=11 (full 2):
 PSYoungGen      total 119808K, used 11236K [0x00000000e0000000, 0x00000000eaa80000, 0x0000000100000000)
  eden space 108544K, 0% used [0x00000000e0000000,0x00000000e0000000,0x00000000e6a00000)
  from space 11264K, 99% used [0x00000000e6a00000,0x00000000e74f92d8,0x00000000e7500000)
  to   space 12800K, 0% used [0x00000000e9e00000,0x00000000e9e00000,0x00000000eaa80000)
 ParOldGen       total 56832K, used 8506K [0x00000000a0000000, 0x00000000a3780000, 0x00000000e0000000)
  object space 56832K, 14% used [0x00000000a0000000,0x00000000a084e978,0x00000000a3780000)
 Metaspace       used 34630K, capacity 35424K, committed 35456K, reserved 1079296K
  class space    used 4776K, capacity 4974K, committed 4992K, reserved 1048576K
Event: 6.464 GC heap after
Heap after GC invocations=11 (full 2):
 PSYoungGen      total 119808K, used 0K [0x00000000e0000000, 0x00000000eaa80000, 0x0000000100000000)
  eden space 108544K, 0% used [0x00000000e0000000,0x00000000e0000000,0x00000000e6a00000)
  from space 11264K, 0% used [0x00000000e6a00000,0x00000000e6a00000,0x00000000e7500000)
  to   space 12800K, 0% used [0x00000000e9e00000,0x00000000e9e00000,0x00000000eaa80000)
 ParOldGen       total 88576K, used 18870K [0x00000000a0000000, 0x00000000a5680000, 0x00000000e0000000)
  object space 88576K, 21% used [0x00000000a0000000,0x00000000a126d8e8,0x00000000a5680000)
 Metaspace       used 34624K, capacity 35406K, committed 35456K, reserved 1079296K
  class space    used 4775K, capacity 4971K, committed 4992K, reserved 1048576K
}
Event: 8.221 GC heap before
{Heap before GC invocations=12 (full 2):
 PSYoungGen      total 119808K, used 108544K [0x00000000e0000000, 0x00000000eaa80000, 0x0000000100000000)
  eden space 108544K, 100% used [0x00000000e0000000,0x00000000e6a00000,0x00000000e6a00000)
  from space 11264K, 0% used [0x00000000e6a00000,0x00000000e6a00000,0x00000000e7500000)
  to   space 12800K, 0% used [0x00000000e9e00000,0x00000000e9e00000,0x00000000eaa80000)
 ParOldGen       total 88576K, used 18870K [0x00000000a0000000, 0x00000000a5680000, 0x00000000e0000000)
  object space 88576K, 21% used [0x00000000a0000000,0x00000000a126d8e8,0x00000000a5680000)
 Metaspace       used 46722K, capacity 47918K, committed 48256K, reserved 1091584K
  class space    used 6156K, capacity 6416K, committed 6528K, reserved 1048576K
Event: 8.240 GC heap after
Heap after GC invocations=12 (full 2):
 PSYoungGen      total 153088K, used 12783K [0x00000000e0000000, 0x00000000eaa80000, 0x0000000100000000)
  eden space 140288K, 0% used [0x00000000e0000000,0x00000000e0000000,0x00000000e8900000)
  from space 12800K, 99% used [0x00000000e9e00000,0x00000000eaa7bd30,0x00000000eaa80000)
  to   space 15360K, 0% used [0x00000000e8c80000,0x00000000e8c80000,0x00000000e9b80000)
 ParOldGen       total 88576K, used 22314K [0x00000000a0000000, 0x00000000a5680000, 0x00000000e0000000)
  object space 88576K, 25% used [0x00000000a0000000,0x00000000a15ca918,0x00000000a5680000)
 Metaspace       used 46722K, capacity 47918K, committed 48256K, reserved 1091584K
  class space    used 6156K, capacity 6416K, committed 6528K, reserved 1048576K
}
Event: 10.280 GC heap before
{Heap before GC invocations=13 (full 2):
 PSYoungGen      total 153088K, used 153071K [0x00000000e0000000, 0x00000000eaa80000, 0x0000000100000000)
  eden space 140288K, 100% used [0x00000000e0000000,0x00000000e8900000,0x00000000e8900000)
  from space 12800K, 99% used [0x00000000e9e00000,0x00000000eaa7bd30,0x00000000eaa80000)
  to   space 15360K, 0% used [0x00000000e8c80000,0x00000000e8c80000,0x00000000e9b80000)
 ParOldGen       total 88576K, used 22314K [0x00000000a0000000, 0x00000000a5680000, 0x00000000e0000000)
  object space 88576K, 25% used [0x00000000a0000000,0x00000000a15ca918,0x00000000a5680000)
 Metaspace       used 57021K, capacity 58638K, committed 58880K, reserved 1099776K
  class space    used 7536K, capacity 7934K, committed 7936K, reserved 1048576K
Event: 10.303 GC heap after
Heap after GC invocations=13 (full 2):
 PSYoungGen      total 159232K, used 13066K [0x00000000e0000000, 0x00000000ecf00000, 0x0000000100000000)
  eden space 143872K, 0% used [0x00000000e0000000,0x00000000e0000000,0x00000000e8c80000)
  from space 15360K, 85% used [0x00000000e8c80000,0x00000000e9942a28,0x00000000e9b80000)
  to   space 16384K, 0% used [0x00000000ebf00000,0x00000000ebf00000,0x00000000ecf00000)
 ParOldGen       total 88576K, used 28814K [0x00000000a0000000, 0x00000000a5680000, 0x00000000e0000000)
  object space 88576K, 32% used [0x00000000a0000000,0x00000000a1c23840,0x00000000a5680000)
 Metaspace       used 57021K, capacity 58638K, committed 58880K, reserved 1099776K
  class space    used 7536K, capacity 7934K, committed 7936K, reserved 1048576K
}
Event: 10.363 GC heap before
{Heap before GC invocations=14 (full 2):
 PSYoungGen      total 159232K, used 18593K [0x00000000e0000000, 0x00000000ecf00000, 0x0000000100000000)
  eden space 143872K, 3% used [0x00000000e0000000,0x00000000e0565ac8,0x00000000e8c80000)
  from space 15360K, 85% used [0x00000000e8c80000,0x00000000e9942a28,0x00000000e9b80000)
  to   space 16384K, 0% used [0x00000000ebf00000,0x00000000ebf00000,0x00000000ecf00000)
 ParOldGen       total 88576K, used 28814K [0x00000000a0000000, 0x00000000a5680000, 0x00000000e0000000)
  object space 88576K, 32% used [0x00000000a0000000,0x00000000a1c23840,0x00000000a5680000)
 Metaspace       used 57449K, capacity 59022K, committed 59096K, reserved 1099776K
  class space    used 7585K, capacity 7998K, committed 8064K, reserved 1048576K
Event: 10.371 GC heap after
Heap after GC invocations=14 (full 2):
 PSYoungGen      total 195584K, used 6619K [0x00000000e0000000, 0x00000000ee680000, 0x0000000100000000)
  eden space 179200K, 0% used [0x00000000e0000000,0x00000000e0000000,0x00000000eaf00000)
  from space 16384K, 40% used [0x00000000ebf00000,0x00000000ec576fb0,0x00000000ecf00000)
  to   space 16384K, 0% used [0x00000000eaf00000,0x00000000eaf00000,0x00000000ebf00000)
 ParOldGen       total 88576K, used 28822K [0x00000000a0000000, 0x00000000a5680000, 0x00000000e0000000)
  object space 88576K, 32% used [0x00000000a0000000,0x00000000a1c25840,0x00000000a5680000)
 Metaspace       used 57449K, capacity 59022K, committed 59096K, reserved 1099776K
  class space    used 7585K, capacity 7998K, committed 8064K, reserved 1048576K
}
Event: 10.371 GC heap before
{Heap before GC invocations=15 (full 3):
 PSYoungGen      total 195584K, used 6619K [0x00000000e0000000, 0x00000000ee680000, 0x0000000100000000)
  eden space 179200K, 0% used [0x00000000e0000000,0x00000000e0000000,0x00000000eaf00000)
  from space 16384K, 40% used [0x00000000ebf00000,0x00000000ec576fb0,0x00000000ecf00000)
  to   space 16384K, 0% used [0x00000000eaf00000,0x00000000eaf00000,0x00000000ebf00000)
 ParOldGen       total 88576K, used 28822K [0x00000000a0000000, 0x00000000a5680000, 0x00000000e0000000)
  object space 88576K, 32% used [0x00000000a0000000,0x00000000a1c25840,0x00000000a5680000)
 Metaspace       used 57449K, capacity 59022K, committed 59096K, reserved 1099776K
  class space    used 7585K, capacity 7998K, committed 8064K, reserved 1048576K
Event: 10.628 GC heap after
Heap after GC invocations=15 (full 3):
 PSYoungGen      total 195584K, used 0K [0x00000000e0000000, 0x00000000ee680000, 0x0000000100000000)
  eden space 179200K, 0% used [0x00000000e0000000,0x00000000e0000000,0x00000000eaf00000)
  from space 16384K, 0% used [0x00000000ebf00000,0x00000000ebf00000,0x00000000ecf00000)
  to   space 16384K, 0% used [0x00000000eaf00000,0x00000000eaf00000,0x00000000ebf00000)
 ParOldGen       total 88576K, used 29407K [0x00000000a0000000, 0x00000000a5680000, 0x00000000e0000000)
  object space 88576K, 33% used [0x00000000a0000000,0x00000000a1cb7ec8,0x00000000a5680000)
 Metaspace       used 57412K, capacity 58902K, committed 59096K, reserved 1099776K
  class space    used 7575K, capacity 7958K, committed 8064K, reserved 1048576K
}

